<?xml version="1.0" encoding="UTF-8"?>
<!-- Generated by org.testng.reporters.JUnitReportReporter -->
<testsuite hostname="Damco-121" name="Pkg.class2" tests="1" failures="0" timestamp="23 Apr 2015 09:54:36 GMT" time="0.000" errors="0">
  <testcase name="test3" time="0.000" classname="Pkg.class2"/>
</testsuite> <!-- Pkg.class2 -->
